<?xml version="1.0" encoding="UTF-8"?>
<testng-results ignored="0" total="6" passed="5" failed="1" skipped="0">
  <reporter-output>
  </reporter-output>
  <suite started-at="2020-03-25T12:59:09 IST" name="Default suite" finished-at="2020-03-25T13:01:31 IST" duration-ms="141681">
    <groups>
    </groups>
    <test started-at="2020-03-25T12:59:09 IST" name="Default test" finished-at="2020-03-25T13:01:31 IST" duration-ms="141681">
      <class name="TestNgClasses.NewTest">
        <test-method signature="AddToCart(java.lang.String, java.lang.String)[pri:0, instance:TestNgClasses.NewTest@15b204a1]" started-at="2020-03-25T12:59:10 IST" name="AddToCart" data-provider="AddToCart" finished-at="2020-03-25T12:59:35 IST" duration-ms="25077" status="PASS">
          <params>
            <param index="0">
              <value>
                <![CDATA[peacepriyanka@gmail.com]]>
              </value>
            </param>
            <param index="1">
              <value>
                <![CDATA[P55252555]]>
              </value>
            </param>
          </params>
          <reporter-output>
          </reporter-output>
        </test-method> <!-- AddToCart -->
        <test-method signature="InvalidLogin(java.lang.String, java.lang.String, java.lang.String)[pri:0, instance:TestNgClasses.NewTest@15b204a1]" started-at="2020-03-25T12:59:35 IST" name="InvalidLogin" data-provider="InvalidData" finished-at="2020-03-25T12:59:52 IST" duration-ms="16629" status="PASS">
          <params>
            <param index="0">
              <value>
                <![CDATA[Priyanka@gmail.com]]>
              </value>
            </param>
            <param index="1">
              <value>
                <![CDATA[j555255]]>
              </value>
            </param>
            <param index="2">
              <value>
                <![CDATA[Authentication failed.]]>
              </value>
            </param>
          </params>
          <reporter-output>
          </reporter-output>
        </test-method> <!-- InvalidLogin -->
        <test-method signature="InvalidLogin(java.lang.String, java.lang.String, java.lang.String)[pri:0, instance:TestNgClasses.NewTest@15b204a1]" started-at="2020-03-25T12:59:52 IST" name="InvalidLogin" data-provider="InvalidData" finished-at="2020-03-25T13:00:09 IST" duration-ms="17246" status="PASS">
          <params>
            <param index="0">
              <value>
                <![CDATA[Priyanka]]>
              </value>
            </param>
            <param index="1">
              <value>
                <![CDATA[j555256]]>
              </value>
            </param>
            <param index="2">
              <value>
                <![CDATA[Invalid email address.]]>
              </value>
            </param>
          </params>
          <reporter-output>
          </reporter-output>
        </test-method> <!-- InvalidLogin -->
        <test-method signature="ProductRemoval(java.lang.String, java.lang.String)[pri:0, instance:TestNgClasses.NewTest@15b204a1]" started-at="2020-03-25T13:00:09 IST" name="ProductRemoval" data-provider="LoginData" finished-at="2020-03-25T13:00:53 IST" duration-ms="43909" status="FAIL">
          <params>
            <param index="0">
              <value>
                <![CDATA[peacepriyanka@gmail.com]]>
              </value>
            </param>
            <param index="1">
              <value>
                <![CDATA[P55252555]]>
              </value>
            </param>
          </params>
          <exception class="org.openqa.selenium.NoSuchWindowException">
            <message>
              <![CDATA[no such window: target window already closed
from unknown error: web view not found
  (Session info: chrome=80.0.3987.149)
Build info: version: '3.141.59', revision: 'e82be7d358', time: '2018-11-14T08:17:03'
System info: host: 'DESKTOP-S7TR9BL', ip: '192.168.42.54', os.name: 'Windows 10', os.arch: 'amd64', os.version: '10.0', java.version: '13.0.2'
Driver info: org.openqa.selenium.chrome.ChromeDriver
Capabilities {acceptInsecureCerts: false, browserName: chrome, browserVersion: 80.0.3987.149, chrome: {chromedriverVersion: 80.0.3987.106 (f68069574609..., userDataDir: C:\Users\devil\AppData\Loca...}, goog:chromeOptions: {debuggerAddress: localhost:61021}, javascriptEnabled: true, networkConnectionEnabled: false, pageLoadStrategy: normal, platform: WINDOWS, platformName: WINDOWS, proxy: Proxy(), setWindowRect: true, strictFileInteractability: false, timeouts: {implicit: 0, pageLoad: 300000, script: 30000}, unhandledPromptBehavior: dismiss and notify}
Session ID: 1b4b3dcfbcc2d6396a1d42d95675c9d5]]>
            </message>
            <full-stacktrace>
              <![CDATA[org.openqa.selenium.NoSuchWindowException: no such window: target window already closed
from unknown error: web view not found
  (Session info: chrome=80.0.3987.149)
Build info: version: '3.141.59', revision: 'e82be7d358', time: '2018-11-14T08:17:03'
System info: host: 'DESKTOP-S7TR9BL', ip: '192.168.42.54', os.name: 'Windows 10', os.arch: 'amd64', os.version: '10.0', java.version: '13.0.2'
Driver info: org.openqa.selenium.chrome.ChromeDriver
Capabilities {acceptInsecureCerts: false, browserName: chrome, browserVersion: 80.0.3987.149, chrome: {chromedriverVersion: 80.0.3987.106 (f68069574609..., userDataDir: C:\Users\devil\AppData\Loca...}, goog:chromeOptions: {debuggerAddress: localhost:61021}, javascriptEnabled: true, networkConnectionEnabled: false, pageLoadStrategy: normal, platform: WINDOWS, platformName: WINDOWS, proxy: Proxy(), setWindowRect: true, strictFileInteractability: false, timeouts: {implicit: 0, pageLoad: 300000, script: 30000}, unhandledPromptBehavior: dismiss and notify}
Session ID: 1b4b3dcfbcc2d6396a1d42d95675c9d5
at java.base/jdk.internal.reflect.NativeConstructorAccessorImpl.newInstance0(Native Method)
at java.base/jdk.internal.reflect.NativeConstructorAccessorImpl.newInstance(NativeConstructorAccessorImpl.java:62)
at java.base/jdk.internal.reflect.DelegatingConstructorAccessorImpl.newInstance(DelegatingConstructorAccessorImpl.java:45)
at java.base/java.lang.reflect.Constructor.newInstanceWithCaller(Constructor.java:500)
at java.base/java.lang.reflect.Constructor.newInstance(Constructor.java:481)
at org.openqa.selenium.remote.http.W3CHttpResponseCodec.createException(W3CHttpResponseCodec.java:187)
at org.openqa.selenium.remote.http.W3CHttpResponseCodec.decode(W3CHttpResponseCodec.java:122)
at org.openqa.selenium.remote.http.W3CHttpResponseCodec.decode(W3CHttpResponseCodec.java:49)
at org.openqa.selenium.remote.HttpCommandExecutor.execute(HttpCommandExecutor.java:158)
at org.openqa.selenium.remote.service.DriverCommandExecutor.execute(DriverCommandExecutor.java:83)
at org.openqa.selenium.remote.RemoteWebDriver.execute(RemoteWebDriver.java:552)
at org.openqa.selenium.remote.RemoteWebDriver.execute(RemoteWebDriver.java:609)
at org.openqa.selenium.remote.RemoteWebDriver.getScreenshotAs(RemoteWebDriver.java:295)
at BasicUtilities.ScreenShotss.ScreenShott(ScreenShotss.java:25)
at TestNgClasses.NewTest.ProductRemoval(NewTest.java:130)
at java.base/jdk.internal.reflect.NativeMethodAccessorImpl.invoke0(Native Method)
at java.base/jdk.internal.reflect.NativeMethodAccessorImpl.invoke(NativeMethodAccessorImpl.java:62)
at java.base/jdk.internal.reflect.DelegatingMethodAccessorImpl.invoke(DelegatingMethodAccessorImpl.java:43)
at java.base/java.lang.reflect.Method.invoke(Method.java:567)
at org.testng.internal.MethodInvocationHelper.invokeMethod(MethodInvocationHelper.java:134)
at org.testng.internal.TestInvoker.invokeMethod(TestInvoker.java:597)
at org.testng.internal.TestInvoker.invokeTestMethod(TestInvoker.java:173)
at org.testng.internal.MethodRunner.runInSequence(MethodRunner.java:46)
at org.testng.internal.TestInvoker$MethodInvocationAgent.invoke(TestInvoker.java:816)
at org.testng.internal.TestInvoker.invokeTestMethods(TestInvoker.java:146)
at org.testng.internal.TestMethodWorker.invokeTestMethods(TestMethodWorker.java:146)
at org.testng.internal.TestMethodWorker.run(TestMethodWorker.java:128)
at java.base/java.util.ArrayList.forEach(ArrayList.java:1507)
at org.testng.TestRunner.privateRun(TestRunner.java:766)
at org.testng.TestRunner.run(TestRunner.java:587)
at org.testng.SuiteRunner.runTest(SuiteRunner.java:384)
at org.testng.SuiteRunner.runSequentially(SuiteRunner.java:378)
at org.testng.SuiteRunner.privateRun(SuiteRunner.java:337)
at org.testng.SuiteRunner.run(SuiteRunner.java:286)
at org.testng.SuiteRunnerWorker.runSuite(SuiteRunnerWorker.java:53)
at org.testng.SuiteRunnerWorker.run(SuiteRunnerWorker.java:96)
at org.testng.TestNG.runSuitesSequentially(TestNG.java:1187)
at org.testng.TestNG.runSuitesLocally(TestNG.java:1109)
at org.testng.TestNG.runSuites(TestNG.java:1039)
at org.testng.TestNG.run(TestNG.java:1007)
at org.testng.remote.AbstractRemoteTestNG.run(AbstractRemoteTestNG.java:115)
at org.testng.remote.RemoteTestNG.initAndRun(RemoteTestNG.java:251)
at org.testng.remote.RemoteTestNG.main(RemoteTestNG.java:77)
]]>
            </full-stacktrace>
          </exception> <!-- org.openqa.selenium.NoSuchWindowException -->
          <reporter-output>
          </reporter-output>
        </test-method> <!-- ProductRemoval -->
        <test-method signature="validLogin(java.lang.String, java.lang.String, java.lang.String)[pri:0, instance:TestNgClasses.NewTest@15b204a1]" started-at="2020-03-25T13:00:53 IST" name="validLogin" data-provider="validData" finished-at="2020-03-25T13:01:12 IST" duration-ms="18258" status="PASS">
          <params>
            <param index="0">
              <value>
                <![CDATA[peacepriyanka@gmail.com]]>
              </value>
            </param>
            <param index="1">
              <value>
                <![CDATA[P55252555]]>
              </value>
            </param>
            <param index="2">
              <value>
                <![CDATA[Priyanka Peace]]>
              </value>
            </param>
          </params>
          <reporter-output>
          </reporter-output>
        </test-method> <!-- validLogin -->
        <test-method signature="validLogin(java.lang.String, java.lang.String, java.lang.String)[pri:0, instance:TestNgClasses.NewTest@15b204a1]" started-at="2020-03-25T13:01:12 IST" name="validLogin" data-provider="validData" finished-at="2020-03-25T13:01:31 IST" duration-ms="19424" status="PASS">
          <params>
            <param index="0">
              <value>
                <![CDATA[priyankaprabu@gmail.com]]>
              </value>
            </param>
            <param index="1">
              <value>
                <![CDATA[P55252555]]>
              </value>
            </param>
            <param index="2">
              <value>
                <![CDATA[Priyanka prabhu]]>
              </value>
            </param>
          </params>
          <reporter-output>
          </reporter-output>
        </test-method> <!-- validLogin -->
      </class> <!-- TestNgClasses.NewTest -->
    </test> <!-- Default test -->
  </suite> <!-- Default suite -->
</testng-results>
